<?xml version="1.0" encoding="UTF-8"?>
<!-- Generated by org.testng.reporters.JUnitReportReporter -->
<testsuite name="Practice.Practice.CaptureForm" tests="2" time="0.375" ignored="0" failures="0" timestamp="12 Jul 2020 00:14:32 GMT" skipped="2" hostname="DESKTOP-1F69PF7" errors="0">
  <testcase name="submitForm" time="0.002" classname="Practice.Practice.CaptureForm">
    <skipped/>
  </testcase> <!-- submitForm -->
  <testcase name="submitForm" time="0.373" classname="Practice.Practice.CaptureForm">
    <skipped/>
  </testcase> <!-- submitForm -->
</testsuite> <!-- Practice.Practice.CaptureForm -->
